<?xml version="1.0" encoding="UTF-8"?>
<!-- Generated by org.testng.reporters.JUnitReportReporter -->
<testsuite skipped="0" hostname="DESKTOP-M631KOO" name="com.lego.tests.QA_01_Test_1" tests="1" failures="0" timestamp="18 jun 2021 23:35:16 GMT" time="26.840" errors="0">
  <testcase name="qa_01_test_1" time="26.840" classname="com.lego.tests.QA_01_Test_1"/>
</testsuite> <!-- com.lego.tests.QA_01_Test_1 -->
