<?xml version="1.0" encoding="UTF-8"?>
<!-- Generated by org.testng.reporters.JUnitReportReporter -->
<testsuite skipped="0" hostname="DESKTOP-M631KOO" name="com.qaalpha.tests.QA_0004_Create_Client_Test" tests="1" failures="0" timestamp="23 nov 2020 18:36:44 GMT" time="47.767" errors="0">
  <testcase name="qa_0004_create_client_test" time="47.767" classname="com.qaalpha.tests.QA_0004_Create_Client_Test"/>
</testsuite> <!-- com.qaalpha.tests.QA_0004_Create_Client_Test -->
