<?xml version="1.0" encoding="UTF-8"?>
<!-- Generated by org.testng.reporters.JUnitReportReporter -->
<testsuite skipped="0" hostname="DESKTOP-M631KOO" name="com.qaalpha.tests.QA_0000_Initial_Test" tests="1" failures="0" timestamp="05 nov 2020 18:39:44 GMT" time="9.926" errors="0">
  <testcase name="qa_0000_initial_test" time="9.926" classname="com.qaalpha.tests.QA_0000_Initial_Test"/>
</testsuite> <!-- com.qaalpha.tests.QA_0000_Initial_Test -->
