<?xml version="1.0" encoding="UTF-8"?>
<!-- Generated by org.testng.reporters.JUnitReportReporter -->
<testsuite skipped="0" hostname="DESKTOP-M631KOO" name="com.qaalpha.tests.QA_0002_LogIn_LogOut_Test" tests="1" failures="0" timestamp="13 nov 2020 08:21:09 GMT" time="15.986" errors="0">
  <testcase name="qa_0001_login_test" time="15.986" classname="com.qaalpha.tests.QA_0002_LogIn_LogOut_Test"/>
</testsuite> <!-- com.qaalpha.tests.QA_0002_LogIn_LogOut_Test -->
