<?xml version="1.0" encoding="UTF-8"?>
<!-- Generated by org.testng.reporters.JUnitReportReporter -->
<testsuite skipped="0" hostname="DESKTOP-M631KOO" name="com.qaalpha.tests.QA_0010_Add_Termin_And_Feedback_Test" tests="1" failures="0" timestamp="05 dec 2020 08:54:24 GMT" time="74.692" errors="0">
  <testcase name="qa_0010_add_termin_and_feedback_test" time="74.692" classname="com.qaalpha.tests.QA_0010_Add_Termin_And_Feedback_Test"/>
</testsuite> <!-- com.qaalpha.tests.QA_0010_Add_Termin_And_Feedback_Test -->
