<?xml version="1.0" encoding="UTF-8"?>
<!-- Generated by org.testng.reporters.JUnitReportReporter -->
<testsuite skipped="0" hostname="DESKTOP-M631KOO" name="com.lego.tests.Logo_Test_01" tests="1" failures="0" timestamp="19 jun 2021 21:29:38 GMT" time="29.632" errors="0">
  <testcase name="logo_test_01" time="29.632" classname="com.lego.tests.Logo_Test_01"/>
</testsuite> <!-- com.lego.tests.Logo_Test_01 -->
