<?xml version="1.0" encoding="UTF-8"?>
<!-- Generated by org.testng.reporters.JUnitReportReporter -->
<testsuite skipped="0" hostname="DESKTOP-M631KOO" name="com.facebook.tests.FB_0001_LogIn_Test" tests="1" failures="0" timestamp="18 nov 2019 10:58:39 GMT" time="30.290" errors="0">
  <testcase name="fb_0001_logIn_test" time="30.290" classname="com.facebook.tests.FB_0001_LogIn_Test"/>
</testsuite> <!-- com.facebook.tests.FB_0001_LogIn_Test -->
