<?xml version="1.0" encoding="UTF-8"?>
<!-- Generated by org.testng.reporters.JUnitReportReporter -->
<testsuite skipped="0" hostname="DESKTOP-M631KOO" name="com.qaalpha.tests.QA_0003_Change_Language_Test" tests="1" failures="0" timestamp="16 nov 2020 17:25:36 GMT" time="21.257" errors="0">
  <testcase name="qa_0003_change_language_test" time="21.257" classname="com.qaalpha.tests.QA_0003_Change_Language_Test"/>
</testsuite> <!-- com.qaalpha.tests.QA_0003_Change_Language_Test -->
