<?xml version="1.0" encoding="UTF-8"?>
<!-- Generated by org.testng.reporters.JUnitReportReporter -->
<testsuite skipped="0" hostname="DESKTOP-M631KOO" name="com.lego.tests.Lego_Test_01" tests="1" failures="0" timestamp="20 jun 2021 11:43:53 GMT" time="31.500" errors="0">
  <testcase name="lego_test_01" time="31.500" classname="com.lego.tests.Lego_Test_01"/>
</testsuite> <!-- com.lego.tests.Lego_Test_01 -->
