<?xml version="1.0" encoding="UTF-8"?>
<!-- Generated by org.testng.reporters.JUnitReportReporter -->
<testsuite skipped="0" hostname="DESKTOP-M631KOO" name="com.facebook.tests.FB_0001_LogIn_Test" tests="1" failures="0" timestamp="06 dec 2019 13:23:26 GMT" time="17.250" errors="0">
  <testcase name="fb_0001_logIn_test" time="17.250" classname="com.facebook.tests.FB_0001_LogIn_Test"/>
</testsuite> <!-- com.facebook.tests.FB_0001_LogIn_Test -->
