<?xml version="1.0" encoding="UTF-8"?>
<!-- Generated by org.testng.reporters.JUnitReportReporter -->
<testsuite skipped="0" hostname="DESKTOP-M631KOO" name="com.qaalpha.tests.QA_0006_Create_Multiple_Clients_Test" tests="1" failures="0" timestamp="26 nov 2020 14:58:45 GMT" time="44.408" errors="0">
  <testcase name="qa_0006_create_multiple_clients_test" time="44.408" classname="com.qaalpha.tests.QA_0006_Create_Multiple_Clients_Test"/>
</testsuite> <!-- com.qaalpha.tests.QA_0006_Create_Multiple_Clients_Test -->
