<?xml version="1.0" encoding="UTF-8"?>
<!-- Generated by org.testng.reporters.JUnitReportReporter -->
<testsuite skipped="0" hostname="DESKTOP-M631KOO" name="com.qaalpha.tests.QA_08_Create_Ticket_Test" tests="1" failures="0" timestamp="30 nov 2020 08:33:36 GMT" time="29.429" errors="0">
  <testcase name="qa_08_create_ticket_test" time="29.429" classname="com.qaalpha.tests.QA_08_Create_Ticket_Test"/>
</testsuite> <!-- com.qaalpha.tests.QA_08_Create_Ticket_Test -->
