<?xml version="1.0" encoding="UTF-8"?>
<!-- Generated by org.testng.reporters.JUnitReportReporter -->
<testsuite skipped="0" hostname="DESKTOP-M631KOO" name="com.lego.tests.Lego_Test_02" tests="1" failures="0" timestamp="20 jun 2021 11:44:36 GMT" time="29.971" errors="0">
  <testcase name="lego_test_02" time="29.971" classname="com.lego.tests.Lego_Test_02"/>
</testsuite> <!-- com.lego.tests.Lego_Test_02 -->
