<?xml version="1.0" encoding="UTF-8"?>
<!-- Generated by org.testng.reporters.JUnitReportReporter -->
<testsuite skipped="0" hostname="DESKTOP-M631KOO" name="com.qaalpha.tests.QA_09_Edit_Ticket_Test" tests="1" failures="0" timestamp="30 nov 2020 17:21:45 GMT" time="30.350" errors="0">
  <testcase name="qa_09_edit_ticket_test" time="30.350" classname="com.qaalpha.tests.QA_09_Edit_Ticket_Test"/>
</testsuite> <!-- com.qaalpha.tests.QA_09_Edit_Ticket_Test -->
