<?xml version="1.0" encoding="UTF-8"?>
<!-- Generated by org.testng.reporters.JUnitReportReporter -->
<testsuite skipped="0" hostname="DESKTOP-M631KOO" name="com.facebook.tests.FB_0002_SignUp_Test" tests="1" failures="0" timestamp="18 nov 2019 18:59:35 GMT" time="15.037" errors="0">
  <testcase name="fb_0002_signUp_test" time="15.037" classname="com.facebook.tests.FB_0002_SignUp_Test"/>
</testsuite> <!-- com.facebook.tests.FB_0002_SignUp_Test -->
